app/build/intermediates/manifest_merge_blame_file/debug/processDebugMainManifest/manifest-merger-blame-debug-report.txt
1<?xml version="1.0" encoding="utf-8"?>
2<!--
3  ~ Copyright 2020 The Android Open Source Project
4  ~
5  ~ Licensed under the Apache License, Version 2.0 (the "License");
6  ~ you may not use this file except in compliance with the License.
7  ~ You may obtain a copy of the License at
8  ~
9  ~     https://www.apache.org/licenses/LICENSE-2.0
10  ~
11  ~ Unless required by applicable law or agreed to in writing, software
12  ~ distributed under the License is distributed on an "AS IS" BASIS,
13  ~ WITHOUT WARRANTIES OR CONDITIONS OF ANY KIND, either express or implied.
14  ~ See the License for the specific language governing permissions and
15  ~ limitations under the License.
16-->
17<manifest xmlns:android="http://schemas.android.com/apk/res/android"
18    package="com.stelllar.camera"
19    android:versionCode="1"
20    android:versionName="1.0.0" >
21
22    <uses-sdk
23        android:minSdkVersion="21"
24        android:targetSdkVersion="34" />
25
26    <!-- Permission declarations -->
27    <uses-permission android:name="android.permission.CAMERA" />
27-->src\main\AndroidManifest.xml:21:5-65
27-->src\main\AndroidManifest.xml:21:22-62
28
29    <!-- A camera with (optional) RAW capability is required to use this application -->
30    <uses-feature android:name="android.hardware.camera.any" />
30-->src\main\AndroidManifest.xml:24:5-64
30-->src\main\AndroidManifest.xml:24:19-61
31    <uses-feature
31-->src\main\AndroidManifest.xml:25:5-89
32        android:name="android.hardware.camera.raw"
32-->src\main\AndroidManifest.xml:25:19-61
33        android:required="false" />
33-->src\main\AndroidManifest.xml:25:62-86
34
35    <permission
35-->[androidx.core:core:1.13.1] AndroidManifest.xml:22:5-24:47
36        android:name="com.stelllar.camera.DYNAMIC_RECEIVER_NOT_EXPORTED_PERMISSION"
36-->[androidx.core:core:1.13.1] AndroidManifest.xml:23:9-81
37        android:protectionLevel="signature" />
37-->[androidx.core:core:1.13.1] AndroidManifest.xml:24:9-44
38
39    <uses-permission android:name="com.stelllar.camera.DYNAMIC_RECEIVER_NOT_EXPORTED_PERMISSION" />
39-->[androidx.core:core:1.13.1] AndroidManifest.xml:26:5-97
39-->[androidx.core:core:1.13.1] AndroidManifest.xml:26:22-94
40
41    <application
41-->src\main\AndroidManifest.xml:27:5-48:19
42        android:name="com.stelllar.camera.CameraStellarApplication"
42-->src\main\AndroidManifest.xml:28:9-49
43        android:allowBackup="true"
43-->src\main\AndroidManifest.xml:29:9-35
44        android:appComponentFactory="androidx.core.app.CoreComponentFactory"
44-->[androidx.core:core:1.13.1] AndroidManifest.xml:28:18-86
45        android:debuggable="true"
46        android:extractNativeLibs="true"
47        android:fullBackupContent="true"
47-->src\main\AndroidManifest.xml:30:9-41
48        android:icon="@drawable/ic_launcher"
48-->src\main\AndroidManifest.xml:32:9-45
49        android:label="@string/app_name" >
49-->src\main\AndroidManifest.xml:31:9-41
50        <activity
50-->src\main\AndroidManifest.xml:35:9-47:20
51            android:name="com.stelllar.camera.CameraActivity"
51-->src\main\AndroidManifest.xml:36:13-62
52            android:clearTaskOnLaunch="true"
52-->src\main\AndroidManifest.xml:37:13-45
53            android:exported="true"
53-->src\main\AndroidManifest.xml:39:13-36
54            android:theme="@style/AppTheme" >
54-->src\main\AndroidManifest.xml:38:13-44
55
56            <!-- Main app intent filter -->
57            <intent-filter>
57-->src\main\AndroidManifest.xml:42:13-45:29
58                <action android:name="android.intent.action.MAIN" />
58-->src\main\AndroidManifest.xml:43:17-69
58-->src\main\AndroidManifest.xml:43:25-66
59
60                <category android:name="android.intent.category.LAUNCHER" />
60-->src\main\AndroidManifest.xml:44:17-77
60-->src\main\AndroidManifest.xml:44:27-74
61            </intent-filter>
62        </activity>
63
64        <provider
64-->[androidx.lifecycle:lifecycle-process:2.8.3] AndroidManifest.xml:24:9-32:20
65            android:name="androidx.startup.InitializationProvider"
65-->[androidx.lifecycle:lifecycle-process:2.8.3] AndroidManifest.xml:25:13-67
66            android:authorities="com.stelllar.camera.androidx-startup"
66-->[androidx.lifecycle:lifecycle-process:2.8.3] AndroidManifest.xml:26:13-68
67            android:exported="false" >
67-->[androidx.lifecycle:lifecycle-process:2.8.3] AndroidManifest.xml:27:13-37
68            <meta-data
68-->[androidx.lifecycle:lifecycle-process:2.8.3] AndroidManifest.xml:29:13-31:52
69                android:name="androidx.lifecycle.ProcessLifecycleInitializer"
69-->[androidx.lifecycle:lifecycle-process:2.8.3] AndroidManifest.xml:30:17-78
70                android:value="androidx.startup" />
70-->[androidx.lifecycle:lifecycle-process:2.8.3] AndroidManifest.xml:31:17-49
71            <meta-data
71-->[androidx.emoji2:emoji2:1.3.0] AndroidManifest.xml:29:13-31:52
72                android:name="androidx.emoji2.text.EmojiCompatInitializer"
72-->[androidx.emoji2:emoji2:1.3.0] AndroidManifest.xml:30:17-75
73                android:value="androidx.startup" />
73-->[androidx.emoji2:emoji2:1.3.0] AndroidManifest.xml:31:17-49
74            <meta-data
74-->[androidx.profileinstaller:profileinstaller:1.3.1] AndroidManifest.xml:29:13-31:52
75                android:name="androidx.profileinstaller.ProfileInstallerInitializer"
75-->[androidx.profileinstaller:profileinstaller:1.3.1] AndroidManifest.xml:30:17-85
76                android:value="androidx.startup" />
76-->[androidx.profileinstaller:profileinstaller:1.3.1] AndroidManifest.xml:31:17-49
77        </provider>
78
79        <uses-library
79-->[androidx.window:window:1.0.0] AndroidManifest.xml:25:9-27:40
80            android:name="androidx.window.extensions"
80-->[androidx.window:window:1.0.0] AndroidManifest.xml:26:13-54
81            android:required="false" />
81-->[androidx.window:window:1.0.0] AndroidManifest.xml:27:13-37
82        <uses-library
82-->[androidx.window:window:1.0.0] AndroidManifest.xml:28:9-30:40
83            android:name="androidx.window.sidecar"
83-->[androidx.window:window:1.0.0] AndroidManifest.xml:29:13-51
84            android:required="false" />
84-->[androidx.window:window:1.0.0] AndroidManifest.xml:30:13-37
85
86        <receiver
86-->[androidx.profileinstaller:profileinstaller:1.3.1] AndroidManifest.xml:34:9-52:20
87            android:name="androidx.profileinstaller.ProfileInstallReceiver"
87-->[androidx.profileinstaller:profileinstaller:1.3.1] AndroidManifest.xml:35:13-76
88            android:directBootAware="false"
88-->[androidx.profileinstaller:profileinstaller:1.3.1] AndroidManifest.xml:36:13-44
89            android:enabled="true"
89-->[androidx.profileinstaller:profileinstaller:1.3.1] AndroidManifest.xml:37:13-35
90            android:exported="true"
90-->[androidx.profileinstaller:profileinstaller:1.3.1] AndroidManifest.xml:38:13-36
91            android:permission="android.permission.DUMP" >
91-->[androidx.profileinstaller:profileinstaller:1.3.1] AndroidManifest.xml:39:13-57
92            <intent-filter>
92-->[androidx.profileinstaller:profileinstaller:1.3.1] AndroidManifest.xml:40:13-42:29
93                <action android:name="androidx.profileinstaller.action.INSTALL_PROFILE" />
93-->[androidx.profileinstaller:profileinstaller:1.3.1] AndroidManifest.xml:41:17-91
93-->[androidx.profileinstaller:profileinstaller:1.3.1] AndroidManifest.xml:41:25-88
94            </intent-filter>
95            <intent-filter>
95-->[androidx.profileinstaller:profileinstaller:1.3.1] AndroidManifest.xml:43:13-45:29
96                <action android:name="androidx.profileinstaller.action.SKIP_FILE" />
96-->[androidx.profileinstaller:profileinstaller:1.3.1] AndroidManifest.xml:44:17-85
96-->[androidx.profileinstaller:profileinstaller:1.3.1] AndroidManifest.xml:44:25-82
97            </intent-filter>
98            <intent-filter>
98-->[androidx.profileinstaller:profileinstaller:1.3.1] AndroidManifest.xml:46:13-48:29
99                <action android:name="androidx.profileinstaller.action.SAVE_PROFILE" />
99-->[androidx.profileinstaller:profileinstaller:1.3.1] AndroidManifest.xml:47:17-88
99-->[androidx.profileinstaller:profileinstaller:1.3.1] AndroidManifest.xml:47:25-85
100            </intent-filter>
101            <intent-filter>
101-->[androidx.profileinstaller:profileinstaller:1.3.1] AndroidManifest.xml:49:13-51:29
102                <action android:name="androidx.profileinstaller.action.BENCHMARK_OPERATION" />
102-->[androidx.profileinstaller:profileinstaller:1.3.1] AndroidManifest.xml:50:17-95
102-->[androidx.profileinstaller:profileinstaller:1.3.1] AndroidManifest.xml:50:25-92
103            </intent-filter>
104        </receiver>
105    </application>
106
107</manifest>